D:\GAMES DEV\IRON MAN\IRONMAN\IRONMAN\DEBUG\IRM.OBJ
D:\GAMES DEV\IRON MAN\IRONMAN\IRONMAN\DEBUG\VC110.PDB
D:\GAMES DEV\IRON MAN\IRONMAN\IRONMAN\DEBUG\SOURCE.OBJ
D:\GAMES DEV\IRON MAN\IRONMAN\IRONMAN\DEBUG\IRONMAN.OBJ
D:\GAMES DEV\IRON MAN\IRONMAN\IRONMAN\DEBUG\FINAL.OBJ
D:\GAMES DEV\IRON MAN\IRONMAN\IRONMAN\DEBUG\IM.OBJ
D:\GAMES DEV\IRON MAN\IRONMAN\IRONMAN\DEBUG\ENEMY.OBJ
D:\GAMES DEV\IRON MAN\IRONMAN\DEBUG\IRONMAN.ILK
D:\GAMES DEV\IRON MAN\IRONMAN\DEBUG\IRONMAN.EXE
D:\GAMES DEV\IRON MAN\IRONMAN\DEBUG\IRONMAN.PDB
D:\Games Dev\IRON MAN\IronMan\IronMan\Debug\enemy.obj
D:\Games Dev\IRON MAN\IronMan\IronMan\Debug\final.obj
D:\Games Dev\IRON MAN\IronMan\IronMan\Debug\IM.obj
D:\Games Dev\IRON MAN\IronMan\IronMan\Debug\IRM.obj
D:\Games Dev\IRON MAN\IronMan\IronMan\Debug\IronMan.obj
D:\Games Dev\IRON MAN\IronMan\IronMan\Debug\source.obj
D:\Games Dev\IRON MAN\IronMan\IronMan\Debug\cl.command.1.tlog
D:\Games Dev\IRON MAN\IronMan\IronMan\Debug\CL.read.1.tlog
D:\Games Dev\IRON MAN\IronMan\IronMan\Debug\CL.write.1.tlog
D:\Games Dev\IRON MAN\IronMan\IronMan\Debug\link-cvtres.read.1.tlog
D:\Games Dev\IRON MAN\IronMan\IronMan\Debug\link-cvtres.write.1.tlog
D:\Games Dev\IRON MAN\IronMan\IronMan\Debug\link-rc.read.1.tlog
D:\Games Dev\IRON MAN\IronMan\IronMan\Debug\link-rc.write.1.tlog
D:\Games Dev\IRON MAN\IronMan\IronMan\Debug\link.3216-cvtres.read.1.tlog
D:\Games Dev\IRON MAN\IronMan\IronMan\Debug\link.3216-cvtres.write.1.tlog
D:\Games Dev\IRON MAN\IronMan\IronMan\Debug\link.3216-rc.read.1.tlog
D:\Games Dev\IRON MAN\IronMan\IronMan\Debug\link.3216-rc.write.1.tlog
D:\Games Dev\IRON MAN\IronMan\IronMan\Debug\link.3216.read.1.tlog
D:\Games Dev\IRON MAN\IronMan\IronMan\Debug\link.3216.write.1.tlog
D:\Games Dev\IRON MAN\IronMan\IronMan\Debug\link.3700-cvtres.read.1.tlog
D:\Games Dev\IRON MAN\IronMan\IronMan\Debug\link.3700-cvtres.write.1.tlog
D:\Games Dev\IRON MAN\IronMan\IronMan\Debug\link.3700-rc.read.1.tlog
D:\Games Dev\IRON MAN\IronMan\IronMan\Debug\link.3700-rc.write.1.tlog
D:\Games Dev\IRON MAN\IronMan\IronMan\Debug\link.3700.read.1.tlog
D:\Games Dev\IRON MAN\IronMan\IronMan\Debug\link.3700.write.1.tlog
D:\Games Dev\IRON MAN\IronMan\IronMan\Debug\link.4040-cvtres.read.1.tlog
D:\Games Dev\IRON MAN\IronMan\IronMan\Debug\link.4040-cvtres.write.1.tlog
D:\Games Dev\IRON MAN\IronMan\IronMan\Debug\link.4040-rc.read.1.tlog
D:\Games Dev\IRON MAN\IronMan\IronMan\Debug\link.4040-rc.write.1.tlog
D:\Games Dev\IRON MAN\IronMan\IronMan\Debug\link.4040.read.1.tlog
D:\Games Dev\IRON MAN\IronMan\IronMan\Debug\link.4040.write.1.tlog
D:\Games Dev\IRON MAN\IronMan\IronMan\Debug\link.4160-cvtres.read.1.tlog
D:\Games Dev\IRON MAN\IronMan\IronMan\Debug\link.4160-cvtres.write.1.tlog
D:\Games Dev\IRON MAN\IronMan\IronMan\Debug\link.4160-rc.read.1.tlog
D:\Games Dev\IRON MAN\IronMan\IronMan\Debug\link.4160-rc.write.1.tlog
D:\Games Dev\IRON MAN\IronMan\IronMan\Debug\link.4160.read.1.tlog
D:\Games Dev\IRON MAN\IronMan\IronMan\Debug\link.4160.write.1.tlog
D:\Games Dev\IRON MAN\IronMan\IronMan\Debug\link.4224-cvtres.read.1.tlog
D:\Games Dev\IRON MAN\IronMan\IronMan\Debug\link.4224-cvtres.write.1.tlog
D:\Games Dev\IRON MAN\IronMan\IronMan\Debug\link.4224-rc.read.1.tlog
D:\Games Dev\IRON MAN\IronMan\IronMan\Debug\link.4224-rc.write.1.tlog
D:\Games Dev\IRON MAN\IronMan\IronMan\Debug\link.4224.read.1.tlog
D:\Games Dev\IRON MAN\IronMan\IronMan\Debug\link.4224.write.1.tlog
D:\Games Dev\IRON MAN\IronMan\IronMan\Debug\link.4432-cvtres.read.1.tlog
D:\Games Dev\IRON MAN\IronMan\IronMan\Debug\link.4432-cvtres.write.1.tlog
D:\Games Dev\IRON MAN\IronMan\IronMan\Debug\link.4432-rc.read.1.tlog
D:\Games Dev\IRON MAN\IronMan\IronMan\Debug\link.4432-rc.write.1.tlog
D:\Games Dev\IRON MAN\IronMan\IronMan\Debug\link.4432.read.1.tlog
D:\Games Dev\IRON MAN\IronMan\IronMan\Debug\link.4432.write.1.tlog
D:\Games Dev\IRON MAN\IronMan\IronMan\Debug\link.4656-cvtres.read.1.tlog
D:\Games Dev\IRON MAN\IronMan\IronMan\Debug\link.4656-cvtres.write.1.tlog
D:\Games Dev\IRON MAN\IronMan\IronMan\Debug\link.4656-rc.read.1.tlog
D:\Games Dev\IRON MAN\IronMan\IronMan\Debug\link.4656-rc.write.1.tlog
D:\Games Dev\IRON MAN\IronMan\IronMan\Debug\link.4656.read.1.tlog
D:\Games Dev\IRON MAN\IronMan\IronMan\Debug\link.4656.write.1.tlog
D:\Games Dev\IRON MAN\IronMan\IronMan\Debug\link.6112-cvtres.read.1.tlog
D:\Games Dev\IRON MAN\IronMan\IronMan\Debug\link.6112-cvtres.write.1.tlog
D:\Games Dev\IRON MAN\IronMan\IronMan\Debug\link.6112-rc.read.1.tlog
D:\Games Dev\IRON MAN\IronMan\IronMan\Debug\link.6112-rc.write.1.tlog
D:\Games Dev\IRON MAN\IronMan\IronMan\Debug\link.6112.read.1.tlog
D:\Games Dev\IRON MAN\IronMan\IronMan\Debug\link.6112.write.1.tlog
D:\Games Dev\IRON MAN\IronMan\IronMan\Debug\link.command.1.tlog
D:\Games Dev\IRON MAN\IronMan\IronMan\Debug\link.read.1.tlog
D:\Games Dev\IRON MAN\IronMan\IronMan\Debug\link.write.1.tlog
D:\Games Dev\IRON MAN\IronMan\IronMan\Debug\vc110.idb
D:\Games Dev\IRON MAN\IronMan\IronMan\Debug\vc110.pdb
D:\Games Dev\IRON MAN\IronMan\Debug\IronMan.pdb
D:\Games Dev\IRON MAN\IronMan\Debug\IronMan.exe
D:\Games Dev\IRON MAN\IronMan\Debug\IronMan.ilk
